<?xml version="1.0" encoding="UTF-8"?>
<!-- Generated by org.testng.reporters.JUnitXMLReporter -->
<testsuite ignored="0" hostname="DESKTOP-S1MQ5B3" failures="0" tests="6" name="Test" time="58.242" errors="0" timestamp="08 Aug 2023 03:20:08 GMT">
  <testcase classname="com.qa.testlayer.TestScripts_01" name="validateFormSection" time="1.838"/>
  <testcase classname="com.qa.testlayer.TestScripts_01" name="validateFormSection" time="2.311"/>
  <testcase classname="com.qa.testlayer.TestScripts_01" name="validateFormSection" time="1.63"/>
  <testcase classname="com.qa.testlayer.TestScripts_01" name="validateFormSection" time="1.984"/>
  <testcase classname="com.qa.testlayer.TestScripts_01" name="validateLinkText" time="2.152"/>
  <testcase classname="com.qa.testlayer.TestScripts_01" name="validateTitlePage" time="0.023"/>
</testsuite> <!-- Test -->
